<?xml version="1.0" encoding="UTF-8"?>
<testsuite xmlns:xsi="http://www.w3.org/2001/XMLSchema-instance" xsi:noNamespaceSchemaLocation="https://maven.apache.org/surefire/maven-surefire-plugin/xsd/surefire-test-report.xsd" name="com.facundocarballo.microservices.AppTest" time="0.029" tests="1" errors="0" skipped="0" failures="0">
  <properties>
    <property name="java.specification.version" value="17"/>
    <property name="sun.cpu.isalist" value="amd64"/>
    <property name="sun.jnu.encoding" value="Cp1252"/>
    <property name="java.class.path" value="C:\Users\Facundo\Documents\Facundo\YouTube\microservices-todo-list\user-auth\microservices-user-auth\target\test-classes;C:\Users\Facundo\Documents\Facundo\YouTube\microservices-todo-list\user-auth\microservices-user-auth\target\classes;C:\Users\Facundo\.m2\repository\junit\junit\4.11\junit-4.11.jar;C:\Users\Facundo\.m2\repository\org\hamcrest\hamcrest-core\1.3\hamcrest-core-1.3.jar;C:\Users\Facundo\.m2\repository\io\github\cdimascio\dotenv-java\3.0.0\dotenv-java-3.0.0.jar;C:\Users\Facundo\.m2\repository\io\jsonwebtoken\jjwt-api\0.12.4\jjwt-api-0.12.4.jar;C:\Users\Facundo\.m2\repository\io\jsonwebtoken\jjwt-impl\0.12.4\jjwt-impl-0.12.4.jar;C:\Users\Facundo\.m2\repository\io\jsonwebtoken\jjwt-jackson\0.12.4\jjwt-jackson-0.12.4.jar;C:\Users\Facundo\.m2\repository\com\fasterxml\jackson\core\jackson-databind\2.12.7.1\jackson-databind-2.12.7.1.jar;C:\Users\Facundo\.m2\repository\com\fasterxml\jackson\core\jackson-annotations\2.12.7\jackson-annotations-2.12.7.jar;C:\Users\Facundo\.m2\repository\com\fasterxml\jackson\core\jackson-core\2.12.7\jackson-core-2.12.7.jar;"/>
    <property name="java.vm.vendor" value="Eclipse Adoptium"/>
    <property name="sun.arch.data.model" value="64"/>
    <property name="user.variant" value=""/>
    <property name="java.vendor.url" value="https://adoptium.net/"/>
    <property name="user.timezone" value="America/Buenos_Aires"/>
    <property name="os.name" value="Windows 11"/>
    <property name="java.vm.specification.version" value="17"/>
    <property name="sun.java.launcher" value="SUN_STANDARD"/>
    <property name="user.country" value="US"/>
    <property name="sun.boot.library.path" value="C:\Users\Facundo\AppData\Local\Programs\Eclipse Adoptium\jdk-17.0.10.7-hotspot\bin"/>
    <property name="sun.java.command" value="C:\Users\Facundo\AppData\Local\Temp\surefire15042284256224984637\surefirebooter6553228756066570366.jar C:\Users\Facundo\AppData\Local\Temp\surefire15042284256224984637 2024-01-30T13-31-02_776-jvmRun1 surefire2703577534986552659tmp surefire_09134267219202213226tmp"/>
    <property name="jdk.debug" value="release"/>
    <property name="surefire.test.class.path" value="C:\Users\Facundo\Documents\Facundo\YouTube\microservices-todo-list\user-auth\microservices-user-auth\target\test-classes;C:\Users\Facundo\Documents\Facundo\YouTube\microservices-todo-list\user-auth\microservices-user-auth\target\classes;C:\Users\Facundo\.m2\repository\junit\junit\4.11\junit-4.11.jar;C:\Users\Facundo\.m2\repository\org\hamcrest\hamcrest-core\1.3\hamcrest-core-1.3.jar;C:\Users\Facundo\.m2\repository\io\github\cdimascio\dotenv-java\3.0.0\dotenv-java-3.0.0.jar;C:\Users\Facundo\.m2\repository\io\jsonwebtoken\jjwt-api\0.12.4\jjwt-api-0.12.4.jar;C:\Users\Facundo\.m2\repository\io\jsonwebtoken\jjwt-impl\0.12.4\jjwt-impl-0.12.4.jar;C:\Users\Facundo\.m2\repository\io\jsonwebtoken\jjwt-jackson\0.12.4\jjwt-jackson-0.12.4.jar;C:\Users\Facundo\.m2\repository\com\fasterxml\jackson\core\jackson-databind\2.12.7.1\jackson-databind-2.12.7.1.jar;C:\Users\Facundo\.m2\repository\com\fasterxml\jackson\core\jackson-annotations\2.12.7\jackson-annotations-2.12.7.jar;C:\Users\Facundo\.m2\repository\com\fasterxml\jackson\core\jackson-core\2.12.7\jackson-core-2.12.7.jar;"/>
    <property name="sun.cpu.endian" value="little"/>
    <property name="user.home" value="C:\Users\Facundo"/>
    <property name="user.language" value="en"/>
    <property name="java.specification.vendor" value="Oracle Corporation"/>
    <property name="java.version.date" value="2024-01-16"/>
    <property name="java.home" value="C:\Users\Facundo\AppData\Local\Programs\Eclipse Adoptium\jdk-17.0.10.7-hotspot"/>
    <property name="file.separator" value="\"/>
    <property name="basedir" value="C:\Users\Facundo\Documents\Facundo\YouTube\microservices-todo-list\user-auth\microservices-user-auth"/>
    <property name="java.vm.compressedOopsMode" value="Zero based"/>
    <property name="line.separator" value="&#10;"/>
    <property name="java.vm.specification.vendor" value="Oracle Corporation"/>
    <property name="java.specification.name" value="Java Platform API Specification"/>
    <property name="surefire.real.class.path" value="C:\Users\Facundo\AppData\Local\Temp\surefire15042284256224984637\surefirebooter6553228756066570366.jar"/>
    <property name="user.script" value=""/>
    <property name="sun.management.compiler" value="HotSpot 64-Bit Tiered Compilers"/>
    <property name="java.runtime.version" value="17.0.10+7"/>
    <property name="user.name" value="Facundo"/>
    <property name="path.separator" value=";"/>
    <property name="os.version" value="10.0"/>
    <property name="java.runtime.name" value="OpenJDK Runtime Environment"/>
    <property name="file.encoding" value="Cp1252"/>
    <property name="java.vm.name" value="OpenJDK 64-Bit Server VM"/>
    <property name="java.vendor.version" value="Temurin-17.0.10+7"/>
    <property name="localRepository" value="C:\Users\Facundo\.m2\repository"/>
    <property name="java.vendor.url.bug" value="https://github.com/adoptium/adoptium-support/issues"/>
    <property name="java.io.tmpdir" value="C:\Users\Facundo\AppData\Local\Temp\"/>
    <property name="java.version" value="17.0.10"/>
    <property name="user.dir" value="C:\Users\Facundo\Documents\Facundo\YouTube\microservices-todo-list\user-auth\microservices-user-auth"/>
    <property name="os.arch" value="amd64"/>
    <property name="java.vm.specification.name" value="Java Virtual Machine Specification"/>
    <property name="sun.os.patch.level" value=""/>
    <property name="native.encoding" value="Cp1252"/>
    <property name="java.library.path" value="C:\Users\Facundo\AppData\Local\Programs\Eclipse Adoptium\jdk-17.0.10.7-hotspot\bin;C:\WINDOWS\Sun\Java\bin;C:\WINDOWS\system32;C:\WINDOWS;C:\Program Files\PowerShell\7-preview;C:\Ruby32-x64\bin;C:\Python310\Scripts\;C:\Python310\;C:\WINDOWS\system32;C:\WINDOWS;C:\WINDOWS\System32\Wbem;C:\WINDOWS\System32\WindowsPowerShell\v1.0\;C:\WINDOWS\System32\OpenSSH\;C:\ProgramData\chocolatey\bin;C:\Program Files\Git\cmd;C:\Program Files\Microsoft SQL Server\150\Tools\Binn\;C:\Program Files\Microsoft SQL Server\Client SDK\ODBC\170\Tools\Binn\;C:\Program Files\Go\bin;C:\Program Files (x86)\Microsoft SQL Server\160\Tools\Binn\;C:\Program Files\Microsoft SQL Server\160\Tools\Binn\;C:\Program Files\Microsoft SQL Server\160\DTS\Binn\;C:\Program Files (x86)\Microsoft SQL Server\160\DTS\Binn\;C:\Program Files\Azure Data Studio\bin;C:\Program Files\nodejs\;C:\Program Files\dotnet\;C:\Program Files\Geth;C:\Program Files\Docker\Docker\resources\bin;C:\Program Files (x86)\Kubernetes\kubectl.exe;C:\Program Files\Kubernetes\Minikube;C:\Program Files\PowerShell\7-preview\preview;C:\apache-maven-3.9.6\bin;C:\Users\Facundo\AppData\Local\Programs\Eclipse Adoptium\jdk-17.0.10.7-hotspot\bin;C:\Program Files\MySQL\MySQL Shell 8.2\bin\;C:\Program Files\MySQL\MySQL Shell 8.0\bin\;C:\Users\Facundo\AppData\Local\Microsoft\WindowsApps;C:\Users\Facundo\AppData\Local\Programs\Microsoft VS Code\bin;C:\Users\Facundo\AppData\Local\GitHubDesktop\bin;C:\Users\Facundo\flutter\bin;C:\Users\Facundo\go\bin;C:\Program Files\Azure Data Studio\bin;C:\Users\Facundo\AppData\Roaming\npm;C:\Users\Facundo\.dotnet\tools;C:\Program Files\Geth;;."/>
    <property name="java.vm.info" value="mixed mode, sharing"/>
    <property name="java.vendor" value="Eclipse Adoptium"/>
    <property name="java.vm.version" value="17.0.10+7"/>
    <property name="sun.io.unicode.encoding" value="UnicodeLittle"/>
    <property name="java.class.version" value="61.0"/>
  </properties>
  <testcase name="shouldAnswerWithTrue" classname="com.facundocarballo.microservices.AppTest" time="0.001"/>
</testsuite>